iter	sc_Vmax(1)	Km(1)	LnPrior	LnData	LnPosterior
0	0.0259577	425.375	-6.895694e+00	-2.213432e+03	-2.220328e+03
5	0.416367	411.522	-1.009125e+01	-1.485968e+03	-1.496060e+03
10	0.416367	422.55	-1.013432e+01	-1.485580e+03	-1.495714e+03
15	0.416367	417.018	-1.011284e+01	-1.485665e+03	-1.495778e+03
20	0.416367	419.297	-1.012172e+01	-1.485606e+03	-1.495728e+03
25	0.455896	434.963	-1.031233e+01	-1.488508e+03	-1.498820e+03
30	0.434028	456.543	-1.032075e+01	-1.486556e+03	-1.496877e+03
35	0.4378	441.759	-1.027916e+01	-1.485849e+03	-1.496128e+03
40	0.437044	455.686	-1.032764e+01	-1.486259e+03	-1.496587e+03
45	0.437044	437.972	-1.026256e+01	-1.485916e+03	-1.496179e+03
50	0.437044	460.241	-1.034401e+01	-1.486630e+03	-1.496974e+03
55	0.453543	460.241	-1.039757e+01	-1.485999e+03	-1.496396e+03
60	0.443247	460.241	-1.036435e+01	-1.486196e+03	-1.496561e+03
65	0.429643	432.067	-1.021575e+01	-1.485783e+03	-1.495998e+03
70	0.4198	425.346	-1.015685e+01	-1.485622e+03	-1.495778e+03
75	0.4198	438.774	-1.020767e+01	-1.486172e+03	-1.496380e+03
80	0.471063	464.407	-1.046746e+01	-1.486756e+03	-1.497224e+03
85	0.450947	448.933	-1.034834e+01	-1.486212e+03	-1.496560e+03
90	0.456393	449.523	-1.036789e+01	-1.486618e+03	-1.496986e+03
95	0.443682	468.914	-1.039654e+01	-1.486851e+03	-1.497247e+03
100	0.449684	473.531	-1.043216e+01	-1.486737e+03	-1.497169e+03
105	0.472785	462.186	-1.046488e+01	-1.487144e+03	-1.497609e+03
110	0.422789	419.445	-1.014425e+01	-1.485947e+03	-1.496091e+03
115	0.422854	432.633	-1.019500e+01	-1.485706e+03	-1.495901e+03
120	0.438673	442.439	-1.028455e+01	-1.485863e+03	-1.496147e+03
125	0.427082	424.338	-1.017767e+01	-1.485965e+03	-1.496143e+03
130	0.427082	445.72	-1.025811e+01	-1.486192e+03	-1.496450e+03
135	0.427082	429.458	-1.019725e+01	-1.485749e+03	-1.495947e+03
140	0.385456	414.498	-9.993018e+00	-1.487334e+03	-1.497327e+03
145	0.391155	411.378	-1.000156e+01	-1.486124e+03	-1.496126e+03
150	0.369799	365.927	-9.733025e+00	-1.485201e+03	-1.494934e+03
155	0.369799	372.777	-9.762805e+00	-1.484941e+03	-1.494704e+03
160	0.369799	384.905	-9.814360e+00	-1.485459e+03	-1.495273e+03
165	0.369799	375.77	-9.775664e+00	-1.484957e+03	-1.494733e+03
170	0.377896	383.901	-9.840738e+00	-1.485074e+03	-1.494915e+03
175	0.377896	383.901	-9.840738e+00	-1.485074e+03	-1.494915e+03
180	0.396131	383.901	-9.907603e+00	-1.486496e+03	-1.496403e+03
185	0.357011	381.091	-9.748786e+00	-1.486548e+03	-1.496297e+03
190	0.358732	346.504	-9.603081e+00	-1.485970e+03	-1.495573e+03
195	0.304863	310.426	-9.202972e+00	-1.483841e+03	-1.493044e+03
200	0.278281	288.478	-8.963604e+00	-1.483792e+03	-1.492756e+03
205	0.278281	276.035	-8.895053e+00	-1.483134e+03	-1.492029e+03
210	0.278281	281.365	-8.924742e+00	-1.483140e+03	-1.492065e+03
215	0.279016	281.753	-8.930463e+00	-1.483145e+03	-1.492076e+03
220	0.244786	259.252	-8.625722e+00	-1.484214e+03	-1.492840e+03
225	0.264301	263.119	-8.751290e+00	-1.482699e+03	-1.491451e+03
230	0.270293	277.302	-8.862721e+00	-1.483247e+03	-1.492109e+03
235	0.270293	276.792	-8.859864e+00	-1.483193e+03	-1.492053e+03
240	0.27731	277.862	-8.900544e+00	-1.483059e+03	-1.491960e+03
245	0.278554	268.314	-8.852473e+00	-1.484006e+03	-1.492858e+03
250	0.257376	258.981	-8.691179e+00	-1.482521e+03	-1.491212e+03
255	0.240075	244.584	-8.510566e+00	-1.482232e+03	-1.490742e+03
260	0.242344	236.434	-8.471403e+00	-1.482245e+03	-1.490716e+03
265	0.228307	223.296	-8.305680e+00	-1.481622e+03	-1.489928e+03
270	0.228307	232.342	-8.365813e+00	-1.481826e+03	-1.490191e+03
275	0.233007	233.18	-8.398206e+00	-1.481685e+03	-1.490083e+03
280	0.237024	230.003	-8.400035e+00	-1.482178e+03	-1.490578e+03
285	0.237024	224.492	-8.363322e+00	-1.483283e+03	-1.491647e+03
290	0.237024	239.328	-8.460441e+00	-1.481935e+03	-1.490395e+03
295	0.237024	252.659	-8.543310e+00	-1.484506e+03	-1.493049e+03
300	0.248774	248.745	-8.583778e+00	-1.482216e+03	-1.490800e+03
305	0.255214	249.467	-8.622410e+00	-1.482672e+03	-1.491294e+03
310	0.254257	249.467	-8.617378e+00	-1.482556e+03	-1.491173e+03
315	0.253567	261.464	-8.685879e+00	-1.483000e+03	-1.491686e+03
320	0.259974	261.06	-8.716976e+00	-1.482584e+03	-1.491301e+03
325	0.259974	268.735	-8.761678e+00	-1.483258e+03	-1.492020e+03
330	0.290014	274.743	-8.943969e+00	-1.485386e+03	-1.494330e+03
335	0.298997	299.386	-9.119490e+00	-1.483601e+03	-1.492721e+03
340	0.333132	336.454	-9.452784e+00	-1.484317e+03	-1.493770e+03
345	0.308678	321.532	-9.275475e+00	-1.484575e+03	-1.493850e+03
350	0.30688	322.824	-9.273776e+00	-1.485007e+03	-1.494281e+03
355	0.331969	311.804	-9.327653e+00	-1.487360e+03	-1.496688e+03
360	0.331969	334.616	-9.439228e+00	-1.484289e+03	-1.493728e+03
365	0.331969	328.406	-9.409534e+00	-1.484484e+03	-1.493893e+03
370	0.340315	335.699	-9.478926e+00	-1.484730e+03	-1.494209e+03
375	0.340315	331.071	-9.456910e+00	-1.485220e+03	-1.494676e+03
380	0.30572	310.515	-9.207286e+00	-1.483824e+03	-1.493032e+03
385	0.301868	298.194	-9.126345e+00	-1.483823e+03	-1.492949e+03
390	0.301868	306.45	-9.169158e+00	-1.483735e+03	-1.492904e+03
395	0.312543	300.221	-9.184747e+00	-1.485174e+03	-1.494359e+03
400	0.310365	316.087	-9.256030e+00	-1.483956e+03	-1.493212e+03
405	0.30658	320.418	-9.260612e+00	-1.484685e+03	-1.493946e+03
410	0.303977	294.954	-9.118815e+00	-1.484436e+03	-1.493555e+03
415	0.316789	316.946	-9.288567e+00	-1.484002e+03	-1.493291e+03
420	0.319499	309.066	-9.260701e+00	-1.484987e+03	-1.494248e+03
425	0.303006	309.066	-9.187680e+00	-1.483834e+03	-1.493022e+03
430	0.301016	299.351	-9.128530e+00	-1.483697e+03	-1.492826e+03
435	0.304039	299.351	-9.142245e+00	-1.483949e+03	-1.493091e+03
440	0.292537	287.752	-9.027689e+00	-1.483673e+03	-1.492701e+03
445	0.294731	291.997	-9.060743e+00	-1.483593e+03	-1.492653e+03
450	0.271836	270.747	-8.833360e+00	-1.482919e+03	-1.491752e+03
455	0.261556	266.805	-8.758698e+00	-1.482872e+03	-1.491631e+03
460	0.275011	270.903	-8.849966e+00	-1.483144e+03	-1.491994e+03
465	0.268549	269.43	-8.809378e+00	-1.482824e+03	-1.491634e+03
470	0.256495	265.672	-8.725888e+00	-1.483257e+03	-1.491983e+03
475	0.265428	269.883	-8.796208e+00	-1.482903e+03	-1.491699e+03
480	0.265192	273.672	-8.816587e+00	-1.483321e+03	-1.492137e+03
485	0.285542	278.768	-8.945348e+00	-1.483684e+03	-1.492629e+03
490	0.267148	275.134	-8.834749e+00	-1.483296e+03	-1.492130e+03
495	0.267148	251.437	-8.695915e+00	-1.485028e+03	-1.493724e+03
500	0.252724	255.406	-8.645368e+00	-1.482440e+03	-1.491085e+03
505	0.241233	255.406	-8.583289e+00	-1.484110e+03	-1.492693e+03
510	0.234482	239.227	-8.445505e+00	-1.482101e+03	-1.490546e+03
515	0.231284	236.406	-8.409279e+00	-1.482056e+03	-1.490466e+03
520	0.217393	210.982	-8.155895e+00	-1.481299e+03	-1.489455e+03
525	0.214711	210.982	-8.139650e+00	-1.480960e+03	-1.489100e+03
530	0.210008	216.836	-8.151851e+00	-1.481756e+03	-1.489908e+03
535	0.223522	232.688	-8.340175e+00	-1.482608e+03	-1.490949e+03
540	0.213533	204.741	-8.087501e+00	-1.481497e+03	-1.489585e+03
545	0.195701	197.464	-7.920321e+00	-1.480334e+03	-1.488254e+03
550	0.195701	197.464	-7.920321e+00	-1.480334e+03	-1.488254e+03
555	0.194926	198.342	-7.921802e+00	-1.480560e+03	-1.488482e+03
560	0.201067	198.342	-7.961890e+00	-1.480294e+03	-1.488256e+03
565	0.201067	188.203	-7.884057e+00	-1.482031e+03	-1.489915e+03
570	0.195759	195.165	-7.903292e+00	-1.480099e+03	-1.488002e+03
575	0.191777	194.353	-7.870629e+00	-1.480286e+03	-1.488157e+03
580	0.187884	194.353	-7.844284e+00	-1.481027e+03	-1.488871e+03
585	0.187884	181.908	-7.746466e+00	-1.479759e+03	-1.487505e+03
590	0.17965	181.908	-7.689181e+00	-1.479684e+03	-1.487373e+03
595	0.160671	169.049	-7.440691e+00	-1.481038e+03	-1.488479e+03
600	0.19739	199.386	-7.945832e+00	-1.480438e+03	-1.488384e+03
605	0.198679	199.753	-7.956976e+00	-1.480381e+03	-1.488338e+03
610	0.200295	190.599	-7.897792e+00	-1.481072e+03	-1.488970e+03
615	0.191197	195.958	-7.878942e+00	-1.480698e+03	-1.488577e+03
620	0.177128	173.017	-7.597664e+00	-1.478983e+03	-1.486581e+03
625	0.174318	178.516	-7.623202e+00	-1.479900e+03	-1.487524e+03
630	0.192611	184.925	-7.802630e+00	-1.480262e+03	-1.488064e+03
635	0.183647	184.819	-7.740649e+00	-1.479692e+03	-1.487432e+03
640	0.187536	182.421	-7.748236e+00	-1.479663e+03	-1.487412e+03
645	0.175587	181.114	-7.653644e+00	-1.480339e+03	-1.487992e+03
650	0.175587	164.591	-7.513778e+00	-1.480086e+03	-1.487600e+03
655	0.175587	167.294	-7.537470e+00	-1.479365e+03	-1.486902e+03
660	0.175587	177.637	-7.625165e+00	-1.479443e+03	-1.487069e+03
665	0.175587	173.67	-7.592068e+00	-1.478925e+03	-1.486517e+03
670	0.183134	178.992	-7.689926e+00	-1.479351e+03	-1.487041e+03
675	0.174234	167.301	-7.527711e+00	-1.479036e+03	-1.486564e+03
680	0.173357	172.683	-7.567518e+00	-1.478898e+03	-1.486465e+03
685	0.17663	168.115	-7.552128e+00	-1.479472e+03	-1.487024e+03
690	0.162306	164.625	-7.414782e+00	-1.478825e+03	-1.486239e+03
695	0.162306	161.863	-7.390227e+00	-1.478247e+03	-1.485637e+03
700	0.162306	154.952	-7.327133e+00	-1.478263e+03	-1.485590e+03
705	0.161222	165.323	-7.412532e+00	-1.479302e+03	-1.486714e+03
710	0.161222	151.937	-7.290442e+00	-1.478608e+03	-1.485899e+03
715	0.161222	155.784	-7.326451e+00	-1.477952e+03	-1.485278e+03
720	0.160217	169.42	-7.440340e+00	-1.481442e+03	-1.488882e+03
725	0.160217	151.829	-7.281582e+00	-1.478309e+03	-1.485590e+03
730	0.160217	153.801	-7.300152e+00	-1.477968e+03	-1.485269e+03
735	0.160217	156.525	-7.325468e+00	-1.477826e+03	-1.485151e+03
740	0.163565	154.362	-7.331344e+00	-1.478753e+03	-1.486084e+03
745	0.163565	160.008	-7.383226e+00	-1.478070e+03	-1.485454e+03
750	0.163628	159.393	-7.378143e+00	-1.478078e+03	-1.485456e+03
755	0.160378	162.366	-7.379747e+00	-1.478632e+03	-1.486012e+03
760	0.160378	157.679	-7.337334e+00	-1.477876e+03	-1.485213e+03
765	0.160378	157.679	-7.337334e+00	-1.477876e+03	-1.485213e+03
770	0.160378	154.083	-7.304049e+00	-1.477966e+03	-1.485270e+03
775	0.153245	155.548	-7.260896e+00	-1.478318e+03	-1.485579e+03
780	0.153245	147.85	-7.187932e+00	-1.477318e+03	-1.484506e+03
785	0.153827	141.994	-7.134891e+00	-1.478974e+03	-1.486109e+03
790	0.153827	143.781	-7.152731e+00	-1.478275e+03	-1.485427e+03
795	0.153827	162.684	-7.330501e+00	-1.481168e+03	-1.488499e+03
800	0.156919	154.544	-7.281088e+00	-1.477646e+03	-1.484927e+03
805	0.156919	149.926	-7.237446e+00	-1.477790e+03	-1.485027e+03
810	0.156919	153.323	-7.269660e+00	-1.477580e+03	-1.484849e+03
815	0.156919	159.221	-7.324133e+00	-1.478524e+03	-1.485848e+03
820	0.154736	152.78	-7.247082e+00	-1.477522e+03	-1.484770e+03
825	0.154736	147.6	-7.197557e+00	-1.477633e+03	-1.484831e+03
830	0.154736	142.702	-7.149318e+00	-1.479130e+03	-1.486279e+03
835	0.153561	143.822	-7.150988e+00	-1.478153e+03	-1.485304e+03
840	0.153561	143.822	-7.150988e+00	-1.478153e+03	-1.485304e+03
845	0.153561	144.077	-7.153512e+00	-1.478074e+03	-1.485228e+03
850	0.153561	154.056	-7.249567e+00	-1.477855e+03	-1.485105e+03
855	0.153466	144.843	-7.160324e+00	-1.477832e+03	-1.484992e+03
860	0.153466	142.211	-7.134143e+00	-1.478700e+03	-1.485835e+03
865	0.153466	146.865	-7.180145e+00	-1.477453e+03	-1.484633e+03
870	0.152983	153.322	-7.237988e+00	-1.477782e+03	-1.485020e+03
875	0.152983	157.077	-7.272881e+00	-1.478919e+03	-1.486192e+03
880	0.152983	149.789	-7.204479e+00	-1.477291e+03	-1.484495e+03
885	0.152983	150.204	-7.208454e+00	-1.477316e+03	-1.484525e+03
890	0.147318	142.501	-7.086329e+00	-1.476792e+03	-1.483878e+03
895	0.147318	138.735	-7.048211e+00	-1.477301e+03	-1.484349e+03
900	0.140528	132.616	-6.926167e+00	-1.476520e+03	-1.483446e+03
905	0.140528	132.847	-6.928622e+00	-1.476471e+03	-1.483399e+03
910	0.132243	122.792	-6.743760e+00	-1.476118e+03	-1.482861e+03
915	0.132243	125.761	-6.777206e+00	-1.475435e+03	-1.482212e+03
920	0.132243	125.761	-6.777206e+00	-1.475435e+03	-1.482212e+03
925	0.132243	128.508	-6.807554e+00	-1.475391e+03	-1.482198e+03
930	0.130023	130.397	-6.807531e+00	-1.476084e+03	-1.482892e+03
935	0.127655	118.959	-6.656690e+00	-1.475373e+03	-1.482030e+03
940	0.127655	120.324	-6.672583e+00	-1.475047e+03	-1.481719e+03
945	0.127655	128.656	-6.766337e+00	-1.476133e+03	-1.482899e+03
950	0.127655	123.326	-6.706989e+00	-1.474865e+03	-1.481572e+03
955	0.126654	123.326	-6.697480e+00	-1.474847e+03	-1.481544e+03
960	0.124601	117.315	-6.608107e+00	-1.474683e+03	-1.481291e+03
965	0.124601	117.006	-6.604436e+00	-1.474740e+03	-1.481345e+03
970	0.124601	115.461	-6.585996e+00	-1.475166e+03	-1.481752e+03
975	0.121879	115.461	-6.559426e+00	-1.474228e+03	-1.480787e+03
980	0.118837	115.461	-6.529138e+00	-1.473952e+03	-1.480481e+03
985	0.116621	115.461	-6.506648e+00	-1.474271e+03	-1.480778e+03
990	0.116621	116.416	-6.518078e+00	-1.474647e+03	-1.481165e+03
995	0.116621	116.416	-6.518078e+00	-1.474647e+03	-1.481165e+03
1000	0.119153	116.416	-6.543746e+00	-1.474109e+03	-1.480652e+03
1005	0.122201	112.133	-6.522138e+00	-1.475257e+03	-1.481779e+03
1010	0.122201	122.176	-6.641263e+00	-1.475254e+03	-1.481895e+03
1015	0.128102	122.176	-6.698129e+00	-1.474923e+03	-1.481621e+03
1020	0.111542	114.781	-6.445550e+00	-1.476205e+03	-1.482650e+03
1025	0.117693	109.532	-6.444765e+00	-1.474010e+03	-1.480454e+03
1030	0.119997	113.048	-6.511525e+00	-1.474057e+03	-1.480568e+03
1035	0.117477	113.048	-6.486144e+00	-1.473652e+03	-1.480138e+03
1040	0.115906	112.179	-6.459425e+00	-1.473534e+03	-1.479993e+03
1045	0.115906	112.179	-6.459425e+00	-1.473534e+03	-1.479993e+03
1050	0.115906	111.154	-6.446759e+00	-1.473425e+03	-1.479872e+03
1055	0.120661	111.623	-6.500620e+00	-1.474660e+03	-1.481161e+03
1060	0.111419	108.108	-6.361617e+00	-1.473031e+03	-1.479393e+03
1065	0.114693	108.108	-6.395987e+00	-1.473305e+03	-1.479701e+03
1070	0.114693	110.316	-6.423811e+00	-1.473297e+03	-1.479721e+03
1075	0.114693	110.316	-6.423811e+00	-1.473297e+03	-1.479721e+03
1080	0.114693	109.88	-6.418357e+00	-1.473264e+03	-1.479682e+03
1085	0.111485	109.88	-6.384693e+00	-1.473528e+03	-1.479913e+03
1090	0.113139	109.88	-6.402142e+00	-1.473263e+03	-1.479666e+03
1095	0.113139	107.527	-6.372378e+00	-1.473030e+03	-1.479403e+03
1100	0.111199	105.286	-6.323017e+00	-1.472762e+03	-1.479085e+03
1105	0.109027	105.286	-6.299701e+00	-1.472618e+03	-1.478917e+03
1110	0.109027	104.833	-6.293802e+00	-1.472540e+03	-1.478833e+03
1115	0.114503	104.618	-6.349040e+00	-1.474222e+03	-1.480571e+03
1120	0.114898	113.486	-6.465041e+00	-1.473994e+03	-1.480459e+03
1125	0.113354	109.887	-6.404483e+00	-1.473253e+03	-1.479657e+03
1130	0.113354	109.887	-6.404483e+00	-1.473253e+03	-1.479657e+03
1135	0.116342	109.887	-6.435438e+00	-1.473516e+03	-1.479951e+03
1140	0.111589	105.408	-6.328736e+00	-1.472834e+03	-1.479163e+03
1145	0.11133	108.236	-6.362311e+00	-1.473067e+03	-1.479429e+03
1150	0.111974	113.898	-6.439434e+00	-1.475347e+03	-1.481787e+03
1155	0.115117	114.828	-6.483570e+00	-1.474457e+03	-1.480941e+03
1160	0.115117	109.583	-6.419017e+00	-1.473299e+03	-1.479718e+03
1165	0.115162	109.583	-6.419479e+00	-1.473307e+03	-1.479727e+03
1170	0.115162	109.583	-6.419479e+00	-1.473307e+03	-1.479727e+03
1175	0.114783	112.122	-6.447138e+00	-1.473608e+03	-1.480055e+03
1180	0.114783	107.342	-6.387164e+00	-1.473452e+03	-1.479839e+03
1185	0.110064	107.342	-6.337390e+00	-1.472995e+03	-1.479333e+03
1190	0.110064	107.342	-6.337390e+00	-1.472995e+03	-1.479333e+03
1195	0.110064	104.969	-6.306760e+00	-1.472601e+03	-1.478908e+03
1200	0.10566	102.048	-6.220122e+00	-1.472163e+03	-1.478383e+03
1205	0.10566	98.7306	-6.175179e+00	-1.472013e+03	-1.478188e+03
1210	0.104469	98.7306	-6.161876e+00	-1.471737e+03	-1.477899e+03
1215	0.104469	98.7306	-6.161876e+00	-1.471737e+03	-1.477899e+03
1220	0.102592	98.7306	-6.140666e+00	-1.471646e+03	-1.477786e+03
1225	0.102592	96.1072	-6.104199e+00	-1.471463e+03	-1.477567e+03
1230	0.096219	94.7345	-6.010224e+00	-1.471584e+03	-1.477594e+03
1235	0.0976526	94.7345	-6.027345e+00	-1.471148e+03	-1.477176e+03
1240	0.0976526	88.8242	-5.940843e+00	-1.471178e+03	-1.477119e+03
1245	0.095698	88.8242	-5.917446e+00	-1.470284e+03	-1.476202e+03
1250	0.0944131	88.8242	-5.901846e+00	-1.469995e+03	-1.475897e+03
1255	0.0965732	89.0387	-5.931196e+00	-1.470563e+03	-1.476494e+03
1260	0.0935737	89.0387	-5.894783e+00	-1.469977e+03	-1.475872e+03
1265	0.0935737	90.8951	-5.922415e+00	-1.470585e+03	-1.476507e+03
1270	0.097895	90.8951	-5.974575e+00	-1.470706e+03	-1.476680e+03
1275	0.097895	94.681	-6.029458e+00	-1.471083e+03	-1.477112e+03
1280	0.097895	94.681	-6.029458e+00	-1.471083e+03	-1.477112e+03
1285	0.0998541	95.1353	-6.058930e+00	-1.471051e+03	-1.477110e+03
1290	0.0992013	95.1353	-6.051304e+00	-1.471058e+03	-1.477110e+03
1295	0.0968214	93.437	-5.998860e+00	-1.470853e+03	-1.476851e+03
1300	0.0968214	93.437	-5.998860e+00	-1.470853e+03	-1.476851e+03
1305	0.0979961	93.437	-6.012833e+00	-1.470761e+03	-1.476774e+03
1310	0.0963824	93.7215	-5.997695e+00	-1.471048e+03	-1.477046e+03
1315	0.0975958	93.7215	-6.012181e+00	-1.470840e+03	-1.476853e+03
1320	0.0975958	88.8745	-5.940926e+00	-1.471126e+03	-1.477067e+03
1325	0.0975958	91.6154	-5.981617e+00	-1.470571e+03	-1.476553e+03
1330	0.0975958	92.3689	-5.992622e+00	-1.470603e+03	-1.476595e+03
1335	0.0978754	95.5979	-6.042233e+00	-1.471440e+03	-1.477482e+03
1340	0.0978754	102.944	-6.142744e+00	-1.477247e+03	-1.483390e+03
1345	0.0978754	94.3279	-6.024187e+00	-1.470973e+03	-1.476997e+03
1350	0.0994105	90.0218	-5.979473e+00	-1.471741e+03	-1.477720e+03
1355	0.0920575	90.0218	-5.890698e+00	-1.470652e+03	-1.476543e+03
1360	0.0945239	89.5455	-5.914015e+00	-1.470076e+03	-1.475990e+03
1365	0.0920748	84.4062	-5.805042e+00	-1.469731e+03	-1.475536e+03
1370	0.0920748	84.4062	-5.805042e+00	-1.469731e+03	-1.475536e+03
1375	0.0920748	84.4062	-5.805042e+00	-1.469731e+03	-1.475536e+03
1380	0.087474	78.8553	-5.656601e+00	-1.469110e+03	-1.474767e+03
1385	0.0838567	77.1263	-5.579602e+00	-1.467786e+03	-1.473365e+03
1390	0.0838567	77.1263	-5.579602e+00	-1.467786e+03	-1.473365e+03
1395	0.0838567	77.1263	-5.579602e+00	-1.467786e+03	-1.473365e+03
1400	0.0803539	72.8139	-5.456470e+00	-1.467077e+03	-1.472533e+03
1405	0.0758549	72.8139	-5.392115e+00	-1.466923e+03	-1.472315e+03
1410	0.0759753	71.8971	-5.377432e+00	-1.466350e+03	-1.471727e+03
1415	0.0759753	72.0894	-5.380896e+00	-1.466446e+03	-1.471827e+03
1420	0.0738946	66.5593	-5.247150e+00	-1.465295e+03	-1.470542e+03
1425	0.0740086	66.5593	-5.248857e+00	-1.465354e+03	-1.470603e+03
1430	0.0701182	66.5593	-5.189363e+00	-1.465133e+03	-1.470323e+03
1435	0.0695135	68.3447	-5.213880e+00	-1.467268e+03	-1.472482e+03
1440	0.0750025	68.3447	-5.297649e+00	-1.465515e+03	-1.470813e+03
1445	0.0743538	70.7573	-5.332791e+00	-1.466208e+03	-1.471541e+03
1450	0.0743538	70.7573	-5.332791e+00	-1.466208e+03	-1.471541e+03
1455	0.0743538	70.7573	-5.332791e+00	-1.466208e+03	-1.471541e+03
1460	0.0746356	70.7573	-5.336981e+00	-1.466113e+03	-1.471450e+03
1465	0.0673785	63.6506	-5.088692e+00	-1.464245e+03	-1.469334e+03
1470	0.0663719	63.6506	-5.072320e+00	-1.464826e+03	-1.469898e+03
1475	0.0645296	57.7947	-4.919749e+00	-1.462211e+03	-1.467131e+03
1480	0.0645296	56.0767	-4.881943e+00	-1.462811e+03	-1.467693e+03
1485	0.061837	53.7195	-4.782534e+00	-1.461650e+03	-1.466433e+03
1490	0.0592111	50.2421	-4.653465e+00	-1.461346e+03	-1.466000e+03
1495	0.055449	47.3613	-4.511719e+00	-1.459078e+03	-1.463590e+03
1500	0.0514118	42.175	-4.292694e+00	-1.458619e+03	-1.462912e+03
1505	0.0492918	42.175	-4.249145e+00	-1.455629e+03	-1.459878e+03
1510	0.0481025	42.3489	-4.228966e+00	-1.455120e+03	-1.459349e+03
1515	0.0471945	42.3489	-4.209456e+00	-1.455297e+03	-1.459506e+03
1520	0.0470141	42.3489	-4.205542e+00	-1.455388e+03	-1.459594e+03
1525	0.0470141	42.3489	-4.205542e+00	-1.455388e+03	-1.459594e+03
1530	0.0470141	39.8275	-4.132418e+00	-1.454405e+03	-1.458537e+03
1535	0.0470141	40.3514	-4.147927e+00	-1.454295e+03	-1.458443e+03
1540	0.0470141	39.0217	-4.108228e+00	-1.454943e+03	-1.459052e+03
1545	0.0426683	39.0217	-4.010060e+00	-1.454534e+03	-1.458544e+03
1550	0.0436278	37.3514	-3.980900e+00	-1.452274e+03	-1.456255e+03
1555	0.0436278	37.3514	-3.980900e+00	-1.452274e+03	-1.456255e+03
1560	0.0436278	38.2899	-4.010076e+00	-1.452773e+03	-1.456783e+03
1565	0.0411561	35.2365	-3.854409e+00	-1.450752e+03	-1.454606e+03
1570	0.0416256	35.2365	-3.865723e+00	-1.450933e+03	-1.454799e+03
1575	0.0375128	33.908	-3.718354e+00	-1.451558e+03	-1.455276e+03
1580	0.038999	33.908	-3.756522e+00	-1.449912e+03	-1.453669e+03
1585	0.038999	33.553	-3.744375e+00	-1.449537e+03	-1.453281e+03
1590	0.0368776	30.0366	-3.563019e+00	-1.447520e+03	-1.451083e+03
1595	0.0363428	30.0366	-3.548788e+00	-1.446993e+03	-1.450542e+03
1600	0.034879	28.8509	-3.463509e+00	-1.445824e+03	-1.449287e+03
1605	0.034453	28.8509	-3.451667e+00	-1.445722e+03	-1.449173e+03
1610	0.0353604	28.6987	-3.470809e+00	-1.446219e+03	-1.449690e+03
1615	0.0308358	25.0088	-3.187251e+00	-1.442106e+03	-1.445294e+03
1620	0.0286018	23.6999	-3.058224e+00	-1.440880e+03	-1.443938e+03
1625	0.0286018	23.5153	-3.049727e+00	-1.440538e+03	-1.443587e+03
1630	0.0303395	23.5153	-3.104761e+00	-1.441869e+03	-1.444973e+03
1635	0.0307493	23.5153	-3.117374e+00	-1.442856e+03	-1.445973e+03
1640	0.0305415	24.4286	-3.152512e+00	-1.441709e+03	-1.444861e+03
1645	0.0303456	24.4286	-3.146469e+00	-1.441559e+03	-1.444705e+03
1650	0.0303456	23.7791	-3.117077e+00	-1.441637e+03	-1.444754e+03
1655	0.0306607	23.7791	-3.126785e+00	-1.442237e+03	-1.445364e+03
1660	0.0297241	23.8479	-3.100837e+00	-1.440921e+03	-1.444022e+03
1665	0.0297241	23.1991	-3.070880e+00	-1.440993e+03	-1.444064e+03
1670	0.0277989	23.1865	-3.008117e+00	-1.440622e+03	-1.443630e+03
1675	0.027515	23.1865	-2.998662e+00	-1.441078e+03	-1.444076e+03
1680	0.027515	23.1703	-2.997905e+00	-1.441029e+03	-1.444027e+03
1685	0.0302205	23.1703	-3.085041e+00	-1.442073e+03	-1.445158e+03
1690	0.0302205	23.1703	-3.085041e+00	-1.442073e+03	-1.445158e+03
1695	0.0304987	24.2422	-3.142829e+00	-1.441665e+03	-1.444808e+03
1700	0.0305375	25.5419	-3.201298e+00	-1.442776e+03	-1.445978e+03
1705	0.0305375	24.7215	-3.165434e+00	-1.441807e+03	-1.444972e+03
1710	0.030499	24.7175	-3.164071e+00	-1.441788e+03	-1.444952e+03
1715	0.032536	24.7175	-3.225219e+00	-1.445530e+03	-1.448755e+03
1720	0.031384	24.7175	-3.191026e+00	-1.442704e+03	-1.445895e+03
1725	0.0298609	24.3176	-3.126405e+00	-1.441307e+03	-1.444433e+03
1730	0.0281433	22.6558	-2.994453e+00	-1.439455e+03	-1.442450e+03
1735	0.0281433	22.7755	-3.000141e+00	-1.439594e+03	-1.442594e+03
1740	0.028209	21.6539	-2.947995e+00	-1.439473e+03	-1.442421e+03
1745	0.0252459	19.7378	-2.748142e+00	-1.435864e+03	-1.438612e+03
1750	0.0252459	19.7378	-2.748142e+00	-1.435864e+03	-1.438612e+03
1755	0.0248679	19.211	-2.706106e+00	-1.435268e+03	-1.437974e+03
1760	0.0248679	18.7967	-2.683303e+00	-1.435291e+03	-1.437975e+03
1765	0.0240631	18.9678	-2.663222e+00	-1.434795e+03	-1.437458e+03
1770	0.0240631	17.7514	-2.594342e+00	-1.434588e+03	-1.437182e+03
1775	0.0213068	17.7514	-2.486866e+00	-1.436414e+03	-1.438900e+03
1780	0.0248035	19.4254	-2.715409e+00	-1.435407e+03	-1.438122e+03
1785	0.0248035	19.4254	-2.715409e+00	-1.435407e+03	-1.438122e+03
1790	0.0248035	19.0843	-2.696837e+00	-1.435160e+03	-1.437857e+03
1795	0.0248035	18.8324	-2.682949e+00	-1.435163e+03	-1.437846e+03
1800	0.0248035	19.6548	-2.727751e+00	-1.435728e+03	-1.438456e+03
1805	0.0248035	18.1477	-2.644408e+00	-1.436084e+03	-1.438729e+03
1810	0.0248035	18.1477	-2.644408e+00	-1.436084e+03	-1.438729e+03
1815	0.0240468	18.1477	-2.616593e+00	-1.434166e+03	-1.436782e+03
1820	0.0240468	18.1477	-2.616593e+00	-1.434166e+03	-1.436782e+03
1825	0.0240468	18.7561	-2.650896e+00	-1.434472e+03	-1.437123e+03
1830	0.0240468	18.7561	-2.650896e+00	-1.434472e+03	-1.437123e+03
1835	0.0240468	17.9508	-2.605286e+00	-1.434293e+03	-1.436898e+03
1840	0.0240468	18.8768	-2.657591e+00	-1.434647e+03	-1.437305e+03
1845	0.0240468	17.3536	-2.570374e+00	-1.435426e+03	-1.437996e+03
1850	0.0224512	17.3536	-2.509383e+00	-1.432422e+03	-1.434931e+03
1855	0.0224512	17.5631	-2.521739e+00	-1.432836e+03	-1.435358e+03
1860	0.0224512	17.5631	-2.521739e+00	-1.432836e+03	-1.435358e+03
1865	0.0224512	17.3084	-2.506701e+00	-1.432346e+03	-1.434853e+03
1870	0.0224512	17.3084	-2.506701e+00	-1.432346e+03	-1.434853e+03
1875	0.0224512	17.3084	-2.506701e+00	-1.432346e+03	-1.434853e+03
1880	0.0224512	17.1931	-2.499832e+00	-1.432188e+03	-1.434688e+03
1885	0.0211633	15.9863	-2.373825e+00	-1.430274e+03	-1.432648e+03
1890	0.0211633	15.9863	-2.373825e+00	-1.430274e+03	-1.432648e+03
1895	0.0211633	15.9863	-2.373825e+00	-1.430274e+03	-1.432648e+03
1900	0.0221908	15.9863	-2.415317e+00	-1.432171e+03	-1.434586e+03
1905	0.0215741	15.9863	-2.390599e+00	-1.430664e+03	-1.433055e+03
1910	0.0218182	15.9863	-2.400447e+00	-1.431131e+03	-1.433532e+03
1915	0.0218182	16.0154	-2.402286e+00	-1.431106e+03	-1.433508e+03
1920	0.0218182	16.0154	-2.402286e+00	-1.431106e+03	-1.433508e+03
1925	0.0213588	16.0154	-2.383677e+00	-1.430420e+03	-1.432803e+03
1930	0.021408	15.5744	-2.357458e+00	-1.430566e+03	-1.432923e+03
1935	0.021408	15.5744	-2.357458e+00	-1.430566e+03	-1.432923e+03
1940	0.0199642	15.5744	-2.296969e+00	-1.430214e+03	-1.432511e+03
1945	0.0207108	15.5744	-2.328661e+00	-1.429590e+03	-1.431918e+03
1950	0.0207108	15.5744	-2.328661e+00	-1.429590e+03	-1.431918e+03
1955	0.0207108	15.745	-2.339655e+00	-1.429864e+03	-1.432204e+03
1960	0.0210943	15.745	-2.355589e+00	-1.429999e+03	-1.432354e+03
1965	0.0216129	15.745	-2.376777e+00	-1.430885e+03	-1.433262e+03
1970	0.0216129	14.8985	-2.321230e+00	-1.433353e+03	-1.435674e+03
1975	0.019777	14.8985	-2.244323e+00	-1.428424e+03	-1.430668e+03
1980	0.0207815	14.8985	-2.287060e+00	-1.429772e+03	-1.432059e+03
1985	0.0189985	14.8985	-2.210020e+00	-1.429701e+03	-1.431911e+03
1990	0.0189474	14.8985	-2.207733e+00	-1.429860e+03	-1.432068e+03
1995	0.020632	14.8985	-2.280807e+00	-1.429364e+03	-1.431645e+03
2000	0.0206092	14.8985	-2.279848e+00	-1.429308e+03	-1.431588e+03
2005	0.0206092	14.8985	-2.279848e+00	-1.429308e+03	-1.431588e+03
2010	0.0198793	15.1666	-2.266622e+00	-1.429006e+03	-1.431272e+03
2015	0.0204514	15.1666	-2.291067e+00	-1.429014e+03	-1.431305e+03
2020	0.0204514	15.1666	-2.291067e+00	-1.429014e+03	-1.431305e+03
2025	0.0204514	14.681	-2.258515e+00	-1.429153e+03	-1.431412e+03
2030	0.0197246	14.9749	-2.247165e+00	-1.428633e+03	-1.430880e+03
2035	0.0197246	14.3686	-2.205955e+00	-1.427788e+03	-1.429994e+03
2040	0.0183388	14.3686	-2.143992e+00	-1.429110e+03	-1.431254e+03
2045	0.0183388	14.3686	-2.143992e+00	-1.429110e+03	-1.431254e+03
2050	0.0183388	13.5796	-2.088207e+00	-1.426018e+03	-1.428106e+03
2055	0.0183388	13.5796	-2.088207e+00	-1.426018e+03	-1.428106e+03
2060	0.0175146	13.3885	-2.035704e+00	-1.426638e+03	-1.428673e+03
2065	0.0175146	12.839	-1.994809e+00	-1.424575e+03	-1.426570e+03
2070	0.0179293	12.839	-2.014402e+00	-1.424763e+03	-1.426777e+03
2075	0.0179293	12.839	-2.014402e+00	-1.424763e+03	-1.426777e+03
2080	0.0179569	12.839	-2.015691e+00	-1.424803e+03	-1.426819e+03
2085	0.0179569	12.839	-2.015691e+00	-1.424803e+03	-1.426819e+03
2090	0.0179569	13.3204	-2.051593e+00	-1.425577e+03	-1.427628e+03
2095	0.0179569	13.3204	-2.051593e+00	-1.425577e+03	-1.427628e+03
2100	0.0179569	13.3204	-2.051593e+00	-1.425577e+03	-1.427628e+03
2105	0.0194193	13.3204	-2.117920e+00	-1.428683e+03	-1.430801e+03
2110	0.0174428	13.3204	-2.027282e+00	-1.426508e+03	-1.428535e+03
2115	0.0179941	13.3204	-2.053333e+00	-1.425548e+03	-1.427602e+03
2120	0.0179941	13.3204	-2.053333e+00	-1.425548e+03	-1.427602e+03
2125	0.0172293	13.253	-2.012056e+00	-1.426829e+03	-1.428841e+03
2130	0.0184859	13.253	-2.071090e+00	-1.425715e+03	-1.427786e+03
2135	0.0184859	13.253	-2.071090e+00	-1.425715e+03	-1.427786e+03
2140	0.0184859	13.253	-2.071090e+00	-1.425715e+03	-1.427786e+03
2145	0.0184859	13.253	-2.071090e+00	-1.425715e+03	-1.427786e+03
2150	0.0184859	13.253	-2.071090e+00	-1.425715e+03	-1.427786e+03
2155	0.0191497	13.253	-2.101025e+00	-1.427676e+03	-1.429777e+03
2160	0.0191497	14.6225	-2.198103e+00	-1.428229e+03	-1.430427e+03
2165	0.0191497	14.6225	-2.198103e+00	-1.428229e+03	-1.430427e+03
2170	0.0191497	14.6225	-2.198103e+00	-1.428229e+03	-1.430427e+03
2175	0.0191497	14.556	-2.193561e+00	-1.428016e+03	-1.430209e+03
2180	0.0191497	14.556	-2.193561e+00	-1.428016e+03	-1.430209e+03
2185	0.0191497	14.556	-2.193561e+00	-1.428016e+03	-1.430209e+03
2190	0.0191518	14.225	-2.170804e+00	-1.427203e+03	-1.429374e+03
2195	0.0191518	14.225	-2.170804e+00	-1.427203e+03	-1.429374e+03
2200	0.0191518	14.225	-2.170804e+00	-1.427203e+03	-1.429374e+03
2205	0.0190859	14.225	-2.167870e+00	-1.427210e+03	-1.429378e+03
2210	0.0190859	13.3739	-2.107071e+00	-1.427124e+03	-1.429231e+03
2215	0.0193461	13.8573	-2.153515e+00	-1.427214e+03	-1.429367e+03
2220	0.0193461	13.8573	-2.153515e+00	-1.427214e+03	-1.429367e+03
2225	0.0178697	13.8573	-2.086332e+00	-1.427955e+03	-1.430041e+03
2230	0.0186674	13.8573	-2.123144e+00	-1.426532e+03	-1.428655e+03
2235	0.018276	12.8959	-2.034814e+00	-1.425415e+03	-1.427450e+03
2240	0.0178202	12.8959	-2.013582e+00	-1.424710e+03	-1.426723e+03
2245	0.0170021	12.8959	-1.974392e+00	-1.425644e+03	-1.427619e+03
2250	0.0170021	11.5579	-1.868964e+00	-1.423529e+03	-1.425398e+03
2255	0.0162524	11.5579	-1.831752e+00	-1.421890e+03	-1.423721e+03
2260	0.0162524	11.5579	-1.831752e+00	-1.421890e+03	-1.423721e+03
2265	0.0162524	11.5579	-1.831752e+00	-1.421890e+03	-1.423721e+03
2270	0.0162524	11.7614	-1.848397e+00	-1.422386e+03	-1.424234e+03
2275	0.0162524	11.6492	-1.839248e+00	-1.422078e+03	-1.423918e+03
2280	0.0152859	11.4139	-1.769856e+00	-1.422988e+03	-1.424757e+03
2285	0.0153873	11.4139	-1.775210e+00	-1.422621e+03	-1.424396e+03
2290	0.016034	11.4139	-1.808742e+00	-1.421560e+03	-1.423368e+03
2295	0.016034	11.4139	-1.808742e+00	-1.421560e+03	-1.423368e+03
2300	0.016034	11.4139	-1.808742e+00	-1.421560e+03	-1.423368e+03
2305	0.016034	11.4243	-1.809611e+00	-1.421586e+03	-1.423396e+03
2310	0.016034	11.4243	-1.809611e+00	-1.421586e+03	-1.423396e+03
2315	0.0148529	10.2176	-1.642671e+00	-1.418906e+03	-1.420549e+03
2320	0.0144711	9.55076	-1.559548e+00	-1.418243e+03	-1.419803e+03
2325	0.014446	9.55076	-1.558157e+00	-1.418151e+03	-1.419709e+03
2330	0.0138722	9.18584	-1.490397e+00	-1.416768e+03	-1.418259e+03
2335	0.0137522	9.65038	-1.528592e+00	-1.417646e+03	-1.419174e+03
2340	0.0139484	9.44624	-1.520211e+00	-1.416983e+03	-1.418504e+03
2345	0.0133049	8.77257	-1.415895e+00	-1.415480e+03	-1.416896e+03
2350	0.0126627	8.55453	-1.354785e+00	-1.414545e+03	-1.415900e+03
2355	0.0126627	7.83291	-1.276614e+00	-1.415205e+03	-1.416481e+03
2360	0.0124605	7.94734	-1.276948e+00	-1.413655e+03	-1.414932e+03
2365	0.0120741	7.898	-1.247272e+00	-1.412714e+03	-1.413961e+03
2370	0.0120741	8.05105	-1.264202e+00	-1.413124e+03	-1.414388e+03
2375	0.0120741	8.05105	-1.264202e+00	-1.413124e+03	-1.414388e+03
2380	0.0120741	8.05105	-1.264202e+00	-1.413124e+03	-1.414388e+03
2385	0.0120741	8.05105	-1.264202e+00	-1.413124e+03	-1.414388e+03
2390	0.0120741	8.05105	-1.264202e+00	-1.413124e+03	-1.414388e+03
2395	0.0120741	8.05105	-1.264202e+00	-1.413124e+03	-1.414388e+03
2400	0.0120741	7.81221	-1.237669e+00	-1.412610e+03	-1.413847e+03
2405	0.0120741	7.81221	-1.237669e+00	-1.412610e+03	-1.413847e+03
2410	0.0120782	7.50413	-1.202746e+00	-1.413152e+03	-1.414355e+03
2415	0.0111585	7.50413	-1.142759e+00	-1.412058e+03	-1.413201e+03
2420	0.0113171	7.50413	-1.153362e+00	-1.411646e+03	-1.412799e+03
2425	0.0113171	7.50413	-1.153362e+00	-1.411646e+03	-1.412799e+03
2430	0.0113171	7.57572	-1.161636e+00	-1.412049e+03	-1.413210e+03
2435	0.0113171	7.04936	-1.099301e+00	-1.410823e+03	-1.411922e+03
2440	0.0111112	7.04936	-1.085514e+00	-1.410223e+03	-1.411309e+03
2445	0.0115007	7.10983	-1.118779e+00	-1.411500e+03	-1.412619e+03
2450	0.0107923	7.10983	-1.071117e+00	-1.410556e+03	-1.411628e+03
2455	0.0107923	7.10983	-1.071117e+00	-1.410556e+03	-1.411628e+03
2460	0.0118354	7.40068	-1.175187e+00	-1.412253e+03	-1.413428e+03
2465	0.0117312	6.94034	-1.113111e+00	-1.414342e+03	-1.415455e+03
2470	0.0109154	6.94034	-1.058859e+00	-1.409788e+03	-1.410846e+03
2475	0.0109355	6.80341	-1.043214e+00	-1.409761e+03	-1.410804e+03
2480	0.0109355	6.86986	-1.051505e+00	-1.409744e+03	-1.410795e+03
2485	0.0110963	6.49343	-1.014595e+00	-1.412443e+03	-1.413458e+03
2490	0.0110359	7.37942	-1.119920e+00	-1.411601e+03	-1.412721e+03
2495	0.011091	7.48766	-1.136295e+00	-1.412186e+03	-1.413322e+03
2500	0.0112808	7.48766	-1.149031e+00	-1.411632e+03	-1.412781e+03
2505	0.0114	7.46087	-1.153826e+00	-1.411366e+03	-1.412519e+03
2510	0.0111717	7.18652	-1.106172e+00	-1.410527e+03	-1.411633e+03
2515	0.0114475	7.18652	-1.124524e+00	-1.411100e+03	-1.412225e+03
2520	0.0101302	7.18652	-1.033655e+00	-1.415817e+03	-1.416850e+03
2525	0.0103578	7.18652	-1.049956e+00	-1.413626e+03	-1.414676e+03
2530	0.0103578	7.22648	-1.054741e+00	-1.414136e+03	-1.415191e+03
2535	0.0106422	7.22928	-1.075086e+00	-1.412111e+03	-1.413186e+03
2540	0.0106422	6.55296	-9.911713e-01	-1.409021e+03	-1.410012e+03
2545	0.0106422	6.55296	-9.911713e-01	-1.409021e+03	-1.410012e+03
2550	0.0106422	6.55296	-9.911713e-01	-1.409021e+03	-1.410012e+03
2555	0.0100406	6.25579	-9.093441e-01	-1.407491e+03	-1.408400e+03
2560	0.0100406	6.25579	-9.093441e-01	-1.407491e+03	-1.408400e+03
2565	0.0102578	6.25579	-9.250145e-01	-1.407984e+03	-1.408909e+03
2570	0.0101547	6.30691	-9.244219e-01	-1.407726e+03	-1.408650e+03
2575	0.00987981	6.30691	-9.043983e-01	-1.407807e+03	-1.408711e+03
2580	0.00967954	6.30691	-8.895489e-01	-1.408498e+03	-1.409387e+03
2585	0.00967954	5.97737	-8.448582e-01	-1.406515e+03	-1.407360e+03
2590	0.00943512	6.20784	-8.578730e-01	-1.408883e+03	-1.409741e+03
2595	0.0101063	6.20784	-9.076837e-01	-1.407536e+03	-1.408444e+03
2600	0.0101049	6.20784	-9.075813e-01	-1.407535e+03	-1.408442e+03
2605	0.0101049	6.20784	-9.075813e-01	-1.407535e+03	-1.408442e+03
2610	0.0101049	6.20784	-9.075813e-01	-1.407535e+03	-1.408442e+03
2615	0.0110952	6.69985	-1.041003e+00	-1.410876e+03	-1.411917e+03
2620	0.0102647	6.68497	-9.814209e-01	-1.409248e+03	-1.410229e+03
2625	0.0102647	6.28784	-9.297893e-01	-1.407982e+03	-1.408912e+03
2630	0.0101158	6.28784	-9.190763e-01	-1.407640e+03	-1.408559e+03
2635	0.0100095	6.28784	-9.113596e-01	-1.407575e+03	-1.408486e+03
2640	0.0101908	6.28784	-9.244872e-01	-1.407774e+03	-1.408699e+03
2645	0.0101908	6.28784	-9.244872e-01	-1.407774e+03	-1.408699e+03
2650	0.00966626	6.00386	-8.475271e-01	-1.406593e+03	-1.407441e+03
2655	0.00966626	5.86809	-8.286251e-01	-1.406323e+03	-1.407151e+03
2660	0.00921624	5.86809	-7.943745e-01	-1.406679e+03	-1.407473e+03
2665	0.00921624	5.86809	-7.943745e-01	-1.406679e+03	-1.407473e+03
2670	0.00941214	5.86809	-8.094327e-01	-1.406160e+03	-1.406970e+03
2675	0.00968042	5.86809	-8.296836e-01	-1.406359e+03	-1.407189e+03
2680	0.00967123	5.86809	-8.289970e-01	-1.406336e+03	-1.407165e+03
2685	0.0096473	6.07872	-8.563898e-01	-1.406938e+03	-1.407794e+03
2690	0.00966729	6.07872	-8.578857e-01	-1.406906e+03	-1.407764e+03
2695	0.00966729	6.07872	-8.578857e-01	-1.406906e+03	-1.407764e+03
2700	0.0099528	6.07872	-8.790074e-01	-1.407116e+03	-1.407995e+03
2705	0.0100208	6.07872	-8.839753e-01	-1.407330e+03	-1.408214e+03
2710	0.0100208	6.07872	-8.839753e-01	-1.407330e+03	-1.408214e+03
2715	0.0100208	6.07872	-8.839753e-01	-1.407330e+03	-1.408214e+03
2720	0.0100208	6.25973	-9.084373e-01	-1.407489e+03	-1.408397e+03
2725	0.0100208	5.68865	-8.292841e-01	-1.409685e+03	-1.410514e+03
2730	0.00973045	6.25326	-8.861944e-01	-1.407851e+03	-1.408738e+03
2735	0.00973045	6.25326	-8.861944e-01	-1.407851e+03	-1.408738e+03
2740	0.00973045	6.25326	-8.861944e-01	-1.407851e+03	-1.408738e+03
2745	0.00973045	6.25326	-8.861944e-01	-1.407851e+03	-1.408738e+03
2750	0.00973045	6.25326	-8.861944e-01	-1.407851e+03	-1.408738e+03
2755	0.00973045	6.25326	-8.861944e-01	-1.407851e+03	-1.408738e+03
2760	0.00973045	5.97449	-8.482547e-01	-1.406561e+03	-1.407410e+03
2765	0.00973045	5.91782	-8.403759e-01	-1.406504e+03	-1.407344e+03
2770	0.00973045	5.61627	-7.974427e-01	-1.407535e+03	-1.408332e+03
2775	0.00973045	5.61627	-7.974427e-01	-1.407535e+03	-1.408332e+03
2780	0.0101044	6.13413	-8.975903e-01	-1.407572e+03	-1.408469e+03
2785	0.0102118	6.13413	-9.053303e-01	-1.408050e+03	-1.408955e+03
2790	0.00958021	6.26186	-8.760992e-01	-1.408577e+03	-1.409453e+03
2795	0.00958021	6.26186	-8.760992e-01	-1.408577e+03	-1.409453e+03
2800	0.00958021	5.48038	-7.662673e-01	-1.407311e+03	-1.408077e+03
2805	0.00921389	5.57122	-7.516559e-01	-1.405095e+03	-1.405847e+03
2810	0.00921389	5.57122	-7.516559e-01	-1.405095e+03	-1.405847e+03
2815	0.00921389	5.66187	-7.648251e-01	-1.405368e+03	-1.406133e+03
2820	0.00940465	5.59906	-7.703859e-01	-1.405610e+03	-1.406380e+03
2825	0.00940465	5.59906	-7.703859e-01	-1.405610e+03	-1.406380e+03
2830	0.00936832	5.59906	-7.676095e-01	-1.405479e+03	-1.406247e+03
2835	0.00936832	5.74951	-7.892973e-01	-1.405683e+03	-1.406472e+03
2840	0.00989266	6.13785	-8.826488e-01	-1.407084e+03	-1.407967e+03
2845	0.00984086	5.99366	-8.590900e-01	-1.406810e+03	-1.407669e+03
2850	0.00984086	5.99366	-8.590900e-01	-1.406810e+03	-1.407669e+03
2855	0.00932301	5.99366	-8.201037e-01	-1.407324e+03	-1.408144e+03
2860	0.00937546	5.99366	-8.241242e-01	-1.407097e+03	-1.407921e+03
2865	0.00937546	5.51731	-7.561837e-01	-1.405652e+03	-1.406408e+03
2870	0.00879128	5.0733	-6.429206e-01	-1.403962e+03	-1.404605e+03
2875	0.00879128	5.0733	-6.429206e-01	-1.403962e+03	-1.404605e+03
2880	0.00879128	5.47554	-7.042650e-01	-1.405036e+03	-1.405740e+03
2885	0.00879128	5.19032	-6.611390e-01	-1.403793e+03	-1.404454e+03
2890	0.00849049	5.19032	-6.367085e-01	-1.403783e+03	-1.404420e+03
2895	0.0089341	5.19032	-6.725248e-01	-1.404352e+03	-1.405025e+03
2900	0.00875024	5.17897	-6.560891e-01	-1.403684e+03	-1.404340e+03
2905	0.00884322	5.17897	-6.635425e-01	-1.403967e+03	-1.404631e+03
2910	0.00884322	5.17897	-6.635425e-01	-1.403967e+03	-1.404631e+03
2915	0.00884322	5.17897	-6.635425e-01	-1.403967e+03	-1.404631e+03
2920	0.00884322	5.29234	-6.809246e-01	-1.404028e+03	-1.404709e+03
2925	0.00884322	5.29234	-6.809246e-01	-1.404028e+03	-1.404709e+03
2930	0.00866541	5.29234	-6.666204e-01	-1.404074e+03	-1.404740e+03
2935	0.00856289	5.29234	-6.582752e-01	-1.404346e+03	-1.405004e+03
2940	0.00841113	5.14244	-6.227413e-01	-1.403658e+03	-1.404281e+03
2945	0.00841113	5.14244	-6.227413e-01	-1.403658e+03	-1.404281e+03
2950	0.00841113	5.14244	-6.227413e-01	-1.403658e+03	-1.404281e+03
2955	0.00841113	5.14244	-6.227413e-01	-1.403658e+03	-1.404281e+03
2960	0.0089719	5.14244	-6.681002e-01	-1.404777e+03	-1.405445e+03
2965	0.0089719	5.18911	-6.753297e-01	-1.404564e+03	-1.405240e+03
2970	0.0089719	5.43655	-7.128494e-01	-1.404530e+03	-1.405243e+03
2975	0.0085895	5.1156	-6.332238e-01	-1.403319e+03	-1.403953e+03
2980	0.0085803	5.1156	-6.324724e-01	-1.403313e+03	-1.403946e+03
2985	0.00846496	5.1156	-6.230107e-01	-1.403352e+03	-1.403975e+03
2990	0.00825753	5.1156	-6.057538e-01	-1.404047e+03	-1.404653e+03
2995	0.00817362	5.1156	-5.986833e-01	-1.404552e+03	-1.405151e+03
3000	0.00817362	5.1156	-5.986833e-01	-1.404552e+03	-1.405151e+03
3005	0.00796802	5.1156	-5.811336e-01	-1.406358e+03	-1.406939e+03
3010	0.00837248	5.1156	-6.153553e-01	-1.403565e+03	-1.404180e+03
3015	0.00837248	5.1156	-6.153553e-01	-1.403565e+03	-1.404180e+03
3020	0.00837248	5.1156	-6.153553e-01	-1.403565e+03	-1.404180e+03
3025	0.00837248	4.66651	-5.427952e-01	-1.403209e+03	-1.403752e+03
3030	0.00837248	4.67317	-5.439095e-01	-1.403160e+03	-1.403704e+03
3035	0.00837248	5.06578	-6.075502e-01	-1.403211e+03	-1.403818e+03
3040	0.00855119	5.06578	-6.222885e-01	-1.403153e+03	-1.403775e+03
3045	0.00855119	5.06578	-6.222885e-01	-1.403153e+03	-1.403775e+03
3050	0.00855119	5.04733	-6.193834e-01	-1.403116e+03	-1.403735e+03
3055	0.00855119	5.12499	-6.315572e-01	-1.403334e+03	-1.403966e+03
3060	0.00826046	5.12499	-6.074638e-01	-1.404129e+03	-1.404736e+03
3065	0.00826046	4.49447	-5.042343e-01	-1.403711e+03	-1.404215e+03
3070	0.00777881	4.49447	-4.629242e-01	-1.400800e+03	-1.401263e+03
3075	0.00763235	4.49447	-4.499958e-01	-1.400915e+03	-1.401365e+03
3080	0.00824748	4.49447	-5.031444e-01	-1.403570e+03	-1.404073e+03
3085	0.00824748	4.77401	-5.501873e-01	-1.402145e+03	-1.402696e+03
3090	0.00811404	4.75433	-5.356648e-01	-1.401876e+03	-1.402412e+03
3095	0.00811404	4.75433	-5.356648e-01	-1.401876e+03	-1.402412e+03
3100	0.00845445	4.75433	-5.641770e-01	-1.403272e+03	-1.403836e+03
3105	0.00790518	4.75433	-5.177375e-01	-1.402166e+03	-1.402683e+03
3110	0.00790518	4.52615	-4.793794e-01	-1.401087e+03	-1.401566e+03
3115	0.00777324	4.51041	-4.651775e-01	-1.400854e+03	-1.401320e+03
3120	0.00777324	4.38261	-4.429903e-01	-1.400679e+03	-1.401122e+03
3125	0.00777324	4.38261	-4.429903e-01	-1.400679e+03	-1.401122e+03
3130	0.00777324	4.38261	-4.429903e-01	-1.400679e+03	-1.401122e+03
3135	0.00725432	4.38261	-3.963338e-01	-1.401647e+03	-1.402044e+03
3140	0.00725432	3.69749	-2.683040e-01	-1.402006e+03	-1.402274e+03
3145	0.00655707	3.69749	-2.016846e-01	-1.397481e+03	-1.397683e+03
3150	0.0067647	3.69749	-2.220306e-01	-1.397358e+03	-1.397580e+03
3155	0.0067647	3.94156	-2.695345e-01	-1.399184e+03	-1.399453e+03
3160	0.00698196	3.94156	-2.903530e-01	-1.398381e+03	-1.398672e+03
3165	0.00698134	3.96294	-2.943508e-01	-1.398511e+03	-1.398806e+03
3170	0.00698134	3.96294	-2.943508e-01	-1.398511e+03	-1.398806e+03
3175	0.00698134	3.96294	-2.943508e-01	-1.398511e+03	-1.398806e+03
3180	0.00698134	3.96294	-2.943508e-01	-1.398511e+03	-1.398806e+03
3185	0.00698134	3.96294	-2.943508e-01	-1.398511e+03	-1.398806e+03
3190	0.00698134	3.96294	-2.943508e-01	-1.398511e+03	-1.398806e+03
3195	0.00698134	3.96294	-2.943508e-01	-1.398511e+03	-1.398806e+03
3200	0.00698134	3.96294	-2.943508e-01	-1.398511e+03	-1.398806e+03
3205	0.00726383	4.22747	-3.696088e-01	-1.399831e+03	-1.400200e+03
3210	0.00748884	4.22747	-3.901070e-01	-1.399765e+03	-1.400155e+03
3215	0.00748884	4.22747	-3.901070e-01	-1.399765e+03	-1.400155e+03
3220	0.00716046	4.1855	-3.524427e-01	-1.399827e+03	-1.400179e+03
3225	0.00716046	4.1855	-3.524427e-01	-1.399827e+03	-1.400179e+03
3230	0.00716046	4.1855	-3.524427e-01	-1.399827e+03	-1.400179e+03
3235	0.0072432	4.13287	-3.505015e-01	-1.399232e+03	-1.399583e+03
3240	0.00707229	4.12508	-3.331633e-01	-1.399607e+03	-1.399940e+03
3245	0.00707229	4.12508	-3.331633e-01	-1.399607e+03	-1.399940e+03
3250	0.00707229	4.12508	-3.331633e-01	-1.399607e+03	-1.399940e+03
3255	0.00707229	4.12508	-3.331633e-01	-1.399607e+03	-1.399940e+03
3260	0.00707229	4.12508	-3.331633e-01	-1.399607e+03	-1.399940e+03
3265	0.00707229	4.12508	-3.331633e-01	-1.399607e+03	-1.399940e+03
3270	0.00743336	3.96813	-3.372063e-01	-1.400479e+03	-1.400816e+03
3275	0.00693307	3.96813	-2.907454e-01	-1.398658e+03	-1.398949e+03
3280	0.00693307	3.96813	-2.907454e-01	-1.398658e+03	-1.398949e+03
3285	0.00693307	3.96813	-2.907454e-01	-1.398658e+03	-1.398949e+03
3290	0.00690969	3.96813	-2.885163e-01	-1.398736e+03	-1.399024e+03
3295	0.0071349	3.94261	-3.049320e-01	-1.398587e+03	-1.398892e+03
3300	0.0071349	3.94261	-3.049320e-01	-1.398587e+03	-1.398892e+03
3305	0.0071349	3.94261	-3.049320e-01	-1.398587e+03	-1.398892e+03
3310	0.00675155	3.94261	-2.684579e-01	-1.399286e+03	-1.399555e+03
3315	0.00675155	3.37773	-1.548510e-01	-1.399987e+03	-1.400142e+03
3320	0.00611925	3.17649	-4.745689e-02	-1.395172e+03	-1.395220e+03
3325	0.00611925	3.17649	-4.745689e-02	-1.395172e+03	-1.395220e+03
3330	0.00611925	3.17649	-4.745689e-02	-1.395172e+03	-1.395220e+03
3335	0.00611925	3.17649	-4.745689e-02	-1.395172e+03	-1.395220e+03
3340	0.00611925	3.17649	-4.745689e-02	-1.395172e+03	-1.395220e+03
3345	0.00611925	3.17649	-4.745689e-02	-1.395172e+03	-1.395220e+03
3350	0.00577981	3.17649	-1.142860e-02	-1.395398e+03	-1.395410e+03
3355	0.00577981	3.17649	-1.142860e-02	-1.395398e+03	-1.395410e+03
3360	0.00615465	 3.29	-7.612346e-02	-1.395321e+03	-1.395397e+03
3365	0.006174	 3.29	-7.812654e-02	-1.395347e+03	-1.395425e+03
3370	0.006174	3.37769	-9.700285e-02	-1.395815e+03	-1.395912e+03
3375	0.00611612	3.33247	-8.131094e-02	-1.395589e+03	-1.395670e+03
3380	0.00611612	3.15158	-4.155960e-02	-1.395250e+03	-1.395292e+03
3385	0.00578702	3.15158	-6.637202e-03	-1.395018e+03	-1.395024e+03
3390	0.00602637	3.168	-3.584605e-02	-1.394796e+03	-1.394831e+03
3395	0.00602637	3.07342	-1.447412e-02	-1.395027e+03	-1.395041e+03
3400	0.00602637	3.07342	-1.447412e-02	-1.395027e+03	-1.395041e+03
3405	0.00575865	3.0202	2.637150e-02	-1.393958e+03	-1.393932e+03
3410	0.00590428	3.0202	1.069822e-02	-1.394441e+03	-1.394430e+03
3415	0.00590428	3.0202	1.069822e-02	-1.394441e+03	-1.394430e+03
3420	0.00586606	3.0202	1.478569e-02	-1.394230e+03	-1.394215e+03
3425	0.00586606	3.0202	1.478569e-02	-1.394230e+03	-1.394215e+03
3430	0.00561993	2.84427	8.317049e-02	-1.393368e+03	-1.393285e+03
3435	0.00561993	2.84427	8.317049e-02	-1.393368e+03	-1.393285e+03
3440	0.00561993	2.86078	7.918737e-02	-1.393344e+03	-1.393264e+03
3445	0.00561993	2.93579	6.129823e-02	-1.393534e+03	-1.393473e+03
3450	0.00558485	2.93579	6.518045e-02	-1.393571e+03	-1.393506e+03
3455	0.00557899	2.93579	6.583124e-02	-1.393587e+03	-1.393521e+03
3460	0.00557899	2.93579	6.583124e-02	-1.393587e+03	-1.393521e+03
3465	0.00557899	2.93579	6.583124e-02	-1.393587e+03	-1.393521e+03
3470	0.00561702	2.93579	6.162024e-02	-1.393535e+03	-1.393473e+03
3475	0.00512674	2.93579	1.175076e-01	-1.399014e+03	-1.398896e+03
3480	0.00518888	2.85371	1.298178e-01	-1.395476e+03	-1.395346e+03
3485	0.00569854	2.8787	6.624354e-02	-1.393712e+03	-1.393646e+03
3490	0.00569319	2.8787	6.682893e-02	-1.393676e+03	-1.393609e+03
3495	0.00532831	2.8787	1.076861e-01	-1.394313e+03	-1.394205e+03
3500	0.00561625	2.99341	4.818689e-02	-1.394005e+03	-1.393957e+03
3505	0.00566928	2.99341	4.234722e-02	-1.393861e+03	-1.393819e+03
3510	0.00566928	2.99341	4.234722e-02	-1.393861e+03	-1.393819e+03
3515	0.00578704	2.99341	2.951340e-02	-1.393940e+03	-1.393910e+03
3520	0.0055607	2.99341	5.434531e-02	-1.394289e+03	-1.394234e+03
3525	0.00603939	2.99341	2.615807e-03	-1.395978e+03	-1.395975e+03
3530	0.00603939	2.95616	1.133390e-02	-1.396575e+03	-1.396563e+03
3535	0.00558359	2.95616	6.052105e-02	-1.393755e+03	-1.393694e+03
3540	0.00561764	2.95616	5.675170e-02	-1.393667e+03	-1.393610e+03
3545	0.00561764	2.95616	5.675170e-02	-1.393667e+03	-1.393610e+03
3550	0.00561764	2.85379	8.112613e-02	-1.393342e+03	-1.393261e+03
3555	0.00561764	2.85379	8.112613e-02	-1.393342e+03	-1.393261e+03
3560	0.00554351	2.85379	8.935227e-02	-1.393132e+03	-1.393043e+03
3565	0.00554351	2.85379	8.935227e-02	-1.393132e+03	-1.393043e+03
3570	0.00528714	2.85379	1.184059e-01	-1.394257e+03	-1.394138e+03
3575	0.0057611	3.05269	1.861511e-02	-1.394144e+03	-1.394126e+03
3580	0.0057611	3.05269	1.861511e-02	-1.394144e+03	-1.394126e+03
3585	0.00596666	3.20044	-3.676543e-02	-1.394882e+03	-1.394919e+03
3590	0.00593749	2.97816	1.694063e-02	-1.394990e+03	-1.394973e+03
3595	0.00573225	2.97816	3.902180e-02	-1.393780e+03	-1.393741e+03
3600	0.00573225	2.97816	3.902180e-02	-1.393780e+03	-1.393741e+03
3605	0.00583754	2.97816	2.762596e-02	-1.394190e+03	-1.394162e+03
3610	0.00590845	2.97816	2.003258e-02	-1.394714e+03	-1.394694e+03
3615	0.005883	2.97816	2.275037e-02	-1.394502e+03	-1.394479e+03
3620	0.005883	3.07581	1.871932e-04	-1.394301e+03	-1.394301e+03
3625	0.00603372	3.07581	-1.579156e-02	-1.395072e+03	-1.395088e+03
3630	0.00613741	3.07581	-2.662284e-02	-1.396095e+03	-1.396122e+03
3635	0.006322	3.6232	-1.631662e-01	-1.397932e+03	-1.398095e+03
3640	0.00632094	3.6232	-1.630593e-01	-1.397940e+03	-1.398104e+03
3645	0.00632094	3.32779	-1.013740e-01	-1.395852e+03	-1.395953e+03
3650	0.0066627	3.32779	-1.354829e-01	-1.399502e+03	-1.399638e+03
3655	0.0059847	3.32779	-6.651813e-02	-1.396127e+03	-1.396194e+03
3660	0.0059847	3.32779	-6.651813e-02	-1.396127e+03	-1.396194e+03
3665	0.0060736	3.29635	-6.906478e-02	-1.395396e+03	-1.395465e+03
3670	0.00605	3.12771	-2.928175e-02	-1.394932e+03	-1.394961e+03
3675	0.00556702	2.95192	6.335768e-02	-1.393765e+03	-1.393702e+03
3680	0.00549045	2.76557	1.168084e-01	-1.392888e+03	-1.392771e+03
3685	0.00513464	2.38915	2.554898e-01	-1.392987e+03	-1.392732e+03
3690	0.00525415	2.65151	1.723048e-01	-1.392082e+03	-1.391910e+03
3695	0.00525415	2.53055	2.035904e-01	-1.392476e+03	-1.392273e+03
3700	0.00525415	2.53055	2.035904e-01	-1.392476e+03	-1.392273e+03
3705	0.00516802	2.53055	2.136133e-01	-1.391776e+03	-1.391562e+03
3710	0.00508316	2.53055	2.236011e-01	-1.391459e+03	-1.391235e+03
3715	0.00508316	2.53055	2.236011e-01	-1.391459e+03	-1.391235e+03
3720	0.00508316	2.53055	2.236011e-01	-1.391459e+03	-1.391235e+03
3725	0.00508316	2.53055	2.236011e-01	-1.391459e+03	-1.391235e+03
3730	0.00503391	2.3567	2.763466e-01	-1.392080e+03	-1.391803e+03
3735	0.00503391	2.41354	2.607505e-01	-1.391452e+03	-1.391192e+03
3740	0.00463256	2.41354	3.099412e-01	-1.392630e+03	-1.392320e+03
3745	0.00463256	2.23674	3.593523e-01	-1.389913e+03	-1.389554e+03
3750	0.00463256	2.23674	3.593523e-01	-1.389913e+03	-1.389554e+03
3755	0.00463256	2.23674	3.593523e-01	-1.389913e+03	-1.389554e+03
3760	0.00474849	2.23674	3.448541e-01	-1.390385e+03	-1.390040e+03
3765	0.00460397	2.23674	3.629644e-01	-1.389925e+03	-1.389562e+03
3770	0.00471889	2.23674	3.485331e-01	-1.390186e+03	-1.389837e+03
3775	0.00455687	2.20337	3.785846e-01	-1.389757e+03	-1.389378e+03
3780	0.00462691	2.20337	3.696989e-01	-1.389823e+03	-1.389453e+03
3785	0.00426651	1.96367	4.888345e-01	-1.388640e+03	-1.388151e+03
3790	0.00426651	1.96367	4.888345e-01	-1.388640e+03	-1.388151e+03
3795	0.00426651	1.96367	4.888345e-01	-1.388640e+03	-1.388151e+03
3800	0.00426651	1.96367	4.888345e-01	-1.388640e+03	-1.388151e+03
3805	0.00426607	1.96367	4.888922e-01	-1.388638e+03	-1.388149e+03
3810	0.00426607	1.96367	4.888922e-01	-1.388638e+03	-1.388149e+03
3815	0.00426607	1.85048	5.252389e-01	-1.389960e+03	-1.389435e+03
3820	0.00426607	1.95487	4.916663e-01	-1.388649e+03	-1.388157e+03
3825	0.00426607	1.95487	4.916663e-01	-1.388649e+03	-1.388157e+03
3830	0.00426607	1.95487	4.916663e-01	-1.388649e+03	-1.388157e+03
3835	0.00410774	1.95487	5.130380e-01	-1.388877e+03	-1.388364e+03
3840	0.00410774	1.95487	5.130380e-01	-1.388877e+03	-1.388364e+03
3845	0.00410774	1.95487	5.130380e-01	-1.388877e+03	-1.388364e+03
3850	0.00405741	1.89233	5.399039e-01	-1.388335e+03	-1.387795e+03
3855	0.00405741	1.89233	5.399039e-01	-1.388335e+03	-1.387795e+03
3860	0.00405741	1.89233	5.399039e-01	-1.388335e+03	-1.387795e+03
3865	0.00405741	1.89233	5.399039e-01	-1.388335e+03	-1.387795e+03
3870	0.00405741	1.89233	5.399039e-01	-1.388335e+03	-1.387795e+03
3875	0.00405741	1.89233	5.399039e-01	-1.388335e+03	-1.387795e+03
3880	0.00405741	1.89233	5.399039e-01	-1.388335e+03	-1.387795e+03
3885	0.00422713	1.89233	5.168316e-01	-1.388748e+03	-1.388231e+03
3890	0.00422713	2.05444	4.659916e-01	-1.389577e+03	-1.389111e+03
3895	0.00436897	2.05444	4.471782e-01	-1.388998e+03	-1.388550e+03
3900	0.00436897	2.05444	4.471782e-01	-1.388998e+03	-1.388550e+03
3905	0.00436897	1.98752	4.678140e-01	-1.389150e+03	-1.388682e+03
3910	0.00436897	2.05121	4.481639e-01	-1.388988e+03	-1.388540e+03
3915	0.00436897	2.05121	4.481639e-01	-1.388988e+03	-1.388540e+03
3920	0.00448507	2.05121	4.330668e-01	-1.389621e+03	-1.389188e+03
3925	0.00448507	2.20108	3.884528e-01	-1.389977e+03	-1.389589e+03
3930	0.00448507	2.20108	3.884528e-01	-1.389977e+03	-1.389589e+03
3935	0.00433605	2.24875	3.941384e-01	-1.392966e+03	-1.392572e+03
3940	0.00456238	2.23504	3.687365e-01	-1.390016e+03	-1.389647e+03
3945	0.00469131	2.23504	3.524640e-01	-1.390049e+03	-1.389696e+03
3950	0.00444121	1.90364	4.849497e-01	-1.392052e+03	-1.391567e+03
3955	0.00407138	1.88083	5.417007e-01	-1.388186e+03	-1.387645e+03
3960	0.00396434	1.88083	5.565498e-01	-1.388848e+03	-1.388292e+03
3965	0.00399174	1.88083	5.527236e-01	-1.388588e+03	-1.388035e+03
3970	0.0040492	1.80829	5.685884e-01	-1.388025e+03	-1.387457e+03
3975	0.00392744	1.80829	5.855624e-01	-1.387977e+03	-1.387391e+03
3980	0.00405668	1.80829	5.675568e-01	-1.388070e+03	-1.387502e+03
3985	0.00405668	1.80829	5.675568e-01	-1.388070e+03	-1.387502e+03
3990	0.00398048	1.80829	5.781261e-01	-1.387841e+03	-1.387263e+03
3995	0.00393568	1.80829	5.844026e-01	-1.387936e+03	-1.387352e+03
4000	0.00393568	1.80829	5.844026e-01	-1.387936e+03	-1.387352e+03
4005	0.00393652	1.80829	5.842841e-01	-1.387935e+03	-1.387351e+03
4010	0.00393652	1.81309	5.826881e-01	-1.387989e+03	-1.387406e+03
4015	0.00393489	1.81309	5.829177e-01	-1.387995e+03	-1.387412e+03
4020	0.0038981	1.88814	5.635053e-01	-1.389935e+03	-1.389372e+03
4025	0.0038981	1.78268	5.982761e-01	-1.387826e+03	-1.387228e+03
4030	0.0038981	1.78268	5.982761e-01	-1.387826e+03	-1.387228e+03
4035	0.0038981	1.78268	5.982761e-01	-1.387826e+03	-1.387228e+03
4040	0.0038981	1.78268	5.982761e-01	-1.387826e+03	-1.387228e+03
4045	0.0038981	1.78268	5.982761e-01	-1.387826e+03	-1.387228e+03
4050	0.0038981	1.78268	5.982761e-01	-1.387826e+03	-1.387228e+03
4055	0.00392534	1.78268	5.944295e-01	-1.387753e+03	-1.387159e+03
4060	0.00388953	1.78268	5.994899e-01	-1.387863e+03	-1.387264e+03
4065	0.00388953	1.78268	5.994899e-01	-1.387863e+03	-1.387264e+03
4070	0.00388953	1.61933	6.562374e-01	-1.389005e+03	-1.388349e+03
4075	0.00373356	1.61933	6.786386e-01	-1.387183e+03	-1.386504e+03
4080	0.00374609	1.61933	6.768167e-01	-1.387245e+03	-1.386569e+03
4085	0.00374609	1.6332	6.718494e-01	-1.387200e+03	-1.386528e+03
4090	0.00359395	1.53753	7.290965e-01	-1.386890e+03	-1.386161e+03
4095	0.00359395	1.53753	7.290965e-01	-1.386890e+03	-1.386161e+03
4100	0.00359395	1.60444	7.045752e-01	-1.387339e+03	-1.386635e+03
4105	0.00359395	1.60444	7.045752e-01	-1.387339e+03	-1.386635e+03
4110	0.00357337	1.60444	7.076508e-01	-1.387520e+03	-1.386812e+03
4115	0.00363658	1.52742	7.265275e-01	-1.387230e+03	-1.386503e+03
4120	0.00359268	1.52742	7.330542e-01	-1.386921e+03	-1.386188e+03
4125	0.00358245	1.52742	7.345837e-01	-1.386876e+03	-1.386142e+03
4130	0.00367811	1.52742	7.204006e-01	-1.387713e+03	-1.386992e+03
4135	0.00372443	1.52742	7.136191e-01	-1.388459e+03	-1.387745e+03
4140	0.00363343	1.52742	7.269950e-01	-1.387204e+03	-1.386477e+03
4145	0.00346689	1.52023	7.547336e-01	-1.387071e+03	-1.386316e+03
4150	0.00318417	1.26285	9.014901e-01	-1.386717e+03	-1.385815e+03
4155	0.00318417	1.25769	9.036751e-01	-1.386794e+03	-1.385890e+03
4160	0.0029765	1.25769	9.378770e-01	-1.387934e+03	-1.386996e+03
4165	0.00307361	1.25051	9.247574e-01	-1.386577e+03	-1.385652e+03
4170	0.00307361	1.19828	9.473121e-01	-1.386772e+03	-1.385825e+03
4175	0.00307361	1.24396	9.275506e-01	-1.386542e+03	-1.385615e+03
4180	0.00307361	1.27368	9.149459e-01	-1.386831e+03	-1.385916e+03
4185	0.00307361	1.27368	9.149459e-01	-1.386831e+03	-1.385916e+03
4190	0.00307361	1.27368	9.149459e-01	-1.386831e+03	-1.385916e+03
4195	0.00320919	1.27368	8.928920e-01	-1.386771e+03	-1.385879e+03
4200	0.00322015	1.27368	8.911354e-01	-1.386876e+03	-1.385985e+03
4205	0.00322015	1.27368	8.911354e-01	-1.386876e+03	-1.385985e+03
4210	0.00322015	1.27368	8.911354e-01	-1.386876e+03	-1.385985e+03
4215	0.00322015	1.27368	8.911354e-01	-1.386876e+03	-1.385985e+03
4220	0.00322015	1.27368	8.911354e-01	-1.386876e+03	-1.385985e+03
4225	0.00322015	1.27368	8.911354e-01	-1.386876e+03	-1.385985e+03
4230	0.00314741	1.27368	9.028673e-01	-1.386478e+03	-1.385575e+03
4235	0.00314741	1.27368	9.028673e-01	-1.386478e+03	-1.385575e+03
4240	0.00314741	1.27368	9.028673e-01	-1.386478e+03	-1.385575e+03
4245	0.00314741	1.27368	9.028673e-01	-1.386478e+03	-1.385575e+03
4250	0.00319665	1.27368	8.949067e-01	-1.386669e+03	-1.385775e+03
4255	0.00319665	1.27368	8.949067e-01	-1.386669e+03	-1.385775e+03
4260	0.00353159	1.40043	7.910211e-01	-1.388571e+03	-1.387780e+03
4265	0.00329226	1.40043	8.279609e-01	-1.386737e+03	-1.385909e+03
4270	0.00339253	1.40043	8.122818e-01	-1.386666e+03	-1.385854e+03
4275	0.00339253	1.40043	8.122818e-01	-1.386666e+03	-1.385854e+03
4280	0.00339253	1.40043	8.122818e-01	-1.386666e+03	-1.385854e+03
4285	0.00331711	1.40043	8.240464e-01	-1.386603e+03	-1.385779e+03
4290	0.00310236	1.40043	8.585076e-01	-1.390320e+03	-1.389461e+03
4295	0.00330395	1.40043	8.261164e-01	-1.386665e+03	-1.385839e+03
4300	0.00330395	1.40043	8.261164e-01	-1.386665e+03	-1.385839e+03
4305	0.00331072	1.40043	8.250512e-01	-1.386635e+03	-1.385810e+03
4310	0.00336535	1.40043	8.165022e-01	-1.386566e+03	-1.385749e+03
4315	0.00336535	1.40043	8.165022e-01	-1.386566e+03	-1.385749e+03
4320	0.00342625	1.40043	8.070746e-01	-1.386921e+03	-1.386114e+03
4325	0.00342625	1.40043	8.070746e-01	-1.386921e+03	-1.386114e+03
4330	0.00338076	1.40043	8.141057e-01	-1.386615e+03	-1.385801e+03
4335	0.00345024	1.50432	7.632616e-01	-1.386973e+03	-1.386210e+03
4340	0.00347792	1.50432	7.590318e-01	-1.386826e+03	-1.386067e+03
4345	0.00347792	1.50432	7.590318e-01	-1.386826e+03	-1.386067e+03
4350	0.00347792	1.50432	7.590318e-01	-1.386826e+03	-1.386067e+03
4355	0.00355197	1.50432	7.478217e-01	-1.386843e+03	-1.386095e+03
4360	0.00355904	1.50432	7.467602e-01	-1.386878e+03	-1.386131e+03
4365	0.00360112	1.50432	7.404648e-01	-1.387186e+03	-1.386446e+03
4370	0.00333639	1.32548	8.512109e-01	-1.387242e+03	-1.386391e+03
4375	0.00333639	1.42174	8.126341e-01	-1.386702e+03	-1.385890e+03
4380	0.00333639	1.42174	8.126341e-01	-1.386702e+03	-1.385890e+03
4385	0.00333639	1.41354	8.158525e-01	-1.386631e+03	-1.385815e+03
4390	0.00362857	1.41354	7.713425e-01	-1.390529e+03	-1.389758e+03
4395	0.00336561	1.41354	8.112923e-01	-1.386570e+03	-1.385759e+03
4400	0.00336561	1.41354	8.112923e-01	-1.386570e+03	-1.385759e+03
4405	0.00354542	1.41354	7.837669e-01	-1.388414e+03	-1.387630e+03
4410	0.00350873	1.52869	7.452064e-01	-1.386918e+03	-1.386173e+03
4415	0.00350873	1.52869	7.452064e-01	-1.386918e+03	-1.386173e+03
4420	0.00350873	1.52171	7.478161e-01	-1.386858e+03	-1.386110e+03
4425	0.00350873	1.52171	7.478161e-01	-1.386858e+03	-1.386110e+03
4430	0.00344138	1.52171	7.580875e-01	-1.387334e+03	-1.386576e+03
4435	0.00344138	1.52171	7.580875e-01	-1.387334e+03	-1.386576e+03
4440	0.00331472	1.44656	8.063670e-01	-1.387294e+03	-1.386488e+03
4445	0.00331472	1.44656	8.063670e-01	-1.387294e+03	-1.386488e+03
4450	0.00336682	1.44656	7.982178e-01	-1.386802e+03	-1.386004e+03
4455	0.00336682	1.44656	7.982178e-01	-1.386802e+03	-1.386004e+03
4460	0.00329338	1.3639	8.423628e-01	-1.386503e+03	-1.385661e+03
4465	0.00329338	1.48548	7.947927e-01	-1.388764e+03	-1.387969e+03
4470	0.00329338	1.35131	8.474432e-01	-1.386527e+03	-1.385680e+03
4475	0.00329338	1.35131	8.474432e-01	-1.386527e+03	-1.385680e+03
4480	0.00329338	1.35131	8.474432e-01	-1.386527e+03	-1.385680e+03
4485	0.00331935	1.35131	8.433538e-01	-1.386650e+03	-1.385807e+03
4490	0.00331935	1.35131	8.433538e-01	-1.386650e+03	-1.385807e+03
4495	0.00318007	1.35131	8.655276e-01	-1.387009e+03	-1.386144e+03
4500	0.00307653	1.35131	8.824139e-01	-1.388926e+03	-1.388044e+03
4505	0.00307653	1.35131	8.824139e-01	-1.388926e+03	-1.388044e+03
4510	0.00307653	1.35131	8.824139e-01	-1.388926e+03	-1.388044e+03
4515	0.00307653	1.30131	9.029142e-01	-1.387338e+03	-1.386435e+03
4520	0.00307653	1.28512	9.096646e-01	-1.386996e+03	-1.386086e+03
4525	0.00322588	1.28512	8.854182e-01	-1.386744e+03	-1.385859e+03
4530	0.00322588	1.28512	8.854182e-01	-1.386744e+03	-1.385859e+03
4535	0.00313871	1.28512	8.994815e-01	-1.386516e+03	-1.385617e+03
4540	0.00312823	1.28512	9.011885e-01	-1.386560e+03	-1.385659e+03
4545	0.00312823	1.28512	9.011885e-01	-1.386560e+03	-1.385659e+03
4550	0.00318635	1.28512	8.917649e-01	-1.386510e+03	-1.385618e+03
4555	0.00318635	1.28512	8.917649e-01	-1.386510e+03	-1.385618e+03
4560	0.00318635	1.28512	8.917649e-01	-1.386510e+03	-1.385618e+03
4565	0.00318635	1.41065	8.408220e-01	-1.388503e+03	-1.387663e+03
4570	0.00318635	1.41065	8.408220e-01	-1.388503e+03	-1.387663e+03
4575	0.00340206	1.41065	8.067747e-01	-1.386649e+03	-1.385842e+03
4580	0.00340206	1.41065	8.067747e-01	-1.386649e+03	-1.385842e+03
4585	0.00340206	1.4571	7.886841e-01	-1.386721e+03	-1.385932e+03
4590	0.0035105	1.4571	7.720868e-01	-1.386949e+03	-1.386177e+03
4595	0.0035105	1.4571	7.720868e-01	-1.386949e+03	-1.386177e+03
4600	0.00342287	1.4571	7.854733e-01	-1.386662e+03	-1.385877e+03
4605	0.00342287	1.4571	7.854733e-01	-1.386662e+03	-1.385877e+03
4610	0.00342287	1.48693	7.740530e-01	-1.386933e+03	-1.386158e+03
4615	0.00342287	1.58988	7.357848e-01	-1.389614e+03	-1.388878e+03
4620	0.00342287	1.54752	7.513245e-01	-1.388211e+03	-1.387459e+03
4625	0.00342287	1.54752	7.513245e-01	-1.388211e+03	-1.387459e+03
4630	0.00342287	1.52268	7.605694e-01	-1.387578e+03	-1.386817e+03
4635	0.00342287	1.47197	7.797600e-01	-1.386764e+03	-1.385985e+03
4640	0.00342287	1.42696	7.971660e-01	-1.386651e+03	-1.385854e+03
4645	0.00342287	1.42696	7.971660e-01	-1.386651e+03	-1.385854e+03
4650	0.00331299	1.4107	8.206437e-01	-1.386723e+03	-1.385902e+03
4655	0.00328716	1.4107	8.247148e-01	-1.386927e+03	-1.386102e+03
4660	0.00328716	1.40964	8.251307e-01	-1.386906e+03	-1.386081e+03
4665	0.00328716	1.40964	8.251307e-01	-1.386906e+03	-1.386081e+03
4670	0.00334349	1.317	8.535852e-01	-1.387568e+03	-1.386715e+03
4675	0.00334349	1.44755	8.014758e-01	-1.386996e+03	-1.386195e+03
4680	0.00334349	1.44755	8.014758e-01	-1.386996e+03	-1.386195e+03
4685	0.00334349	1.44755	8.014758e-01	-1.386996e+03	-1.386195e+03
4690	0.00330194	1.38281	8.334315e-01	-1.386543e+03	-1.385710e+03
4695	0.00348349	1.38281	8.053114e-01	-1.388162e+03	-1.387356e+03
4700	0.00341258	1.38281	8.161796e-01	-1.387053e+03	-1.386237e+03
4705	0.00330363	1.38281	8.331655e-01	-1.386539e+03	-1.385706e+03
4710	0.00330363	1.38281	8.331655e-01	-1.386539e+03	-1.385706e+03
4715	0.00330363	1.38281	8.331655e-01	-1.386539e+03	-1.385706e+03
4720	0.0033162	1.38281	8.311876e-01	-1.386524e+03	-1.385693e+03
4725	0.00337803	1.38281	8.215279e-01	-1.386733e+03	-1.385912e+03
4730	0.00337803	1.38281	8.215279e-01	-1.386733e+03	-1.385912e+03
4735	0.00337803	1.38281	8.215279e-01	-1.386733e+03	-1.385912e+03
4740	0.00337803	1.38281	8.215279e-01	-1.386733e+03	-1.385912e+03
4745	0.00337803	1.38799	8.194670e-01	-1.386685e+03	-1.385865e+03
4750	0.00337803	1.38799	8.194670e-01	-1.386685e+03	-1.385865e+03
4755	0.00320748	1.38799	8.463932e-01	-1.387439e+03	-1.386593e+03
4760	0.00333679	1.38799	8.258969e-01	-1.386536e+03	-1.385710e+03
4765	0.0033446	1.38799	8.246761e-01	-1.386550e+03	-1.385725e+03
4770	0.0033446	1.38799	8.246761e-01	-1.386550e+03	-1.385725e+03
4775	0.00351402	1.38799	7.986141e-01	-1.388629e+03	-1.387830e+03
4780	0.00315012	1.38799	8.556535e-01	-1.388525e+03	-1.387669e+03
4785	0.00315012	1.20737	9.308229e-01	-1.387513e+03	-1.386582e+03
4790	0.00309017	1.20737	9.406158e-01	-1.386771e+03	-1.385831e+03
4795	0.0029524	1.20737	9.635805e-01	-1.387089e+03	-1.386126e+03
4800	0.0029524	1.20737	9.635805e-01	-1.387089e+03	-1.386126e+03
4805	0.0029524	1.20737	9.635805e-01	-1.387089e+03	-1.386126e+03
4810	0.0029524	1.20737	9.635805e-01	-1.387089e+03	-1.386126e+03
4815	0.0029524	1.20737	9.635805e-01	-1.387089e+03	-1.386126e+03
4820	0.00305629	1.20737	9.462021e-01	-1.386588e+03	-1.385642e+03
4825	0.00305629	1.20737	9.462021e-01	-1.386588e+03	-1.385642e+03
4830	0.00305629	1.22802	9.372541e-01	-1.386537e+03	-1.385599e+03
4835	0.00305629	1.22802	9.372541e-01	-1.386537e+03	-1.385599e+03
4840	0.00305629	1.22802	9.372541e-01	-1.386537e+03	-1.385599e+03
4845	0.00305629	1.22802	9.372541e-01	-1.386537e+03	-1.385599e+03
4850	0.00305629	1.22802	9.372541e-01	-1.386537e+03	-1.385599e+03
4855	0.00305629	1.22802	9.372541e-01	-1.386537e+03	-1.385599e+03
4860	0.0030278	1.22802	9.419838e-01	-1.386649e+03	-1.385707e+03
4865	0.0030278	1.21977	9.455437e-01	-1.386595e+03	-1.385649e+03
4870	0.00305168	1.21977	9.415780e-01	-1.386539e+03	-1.385597e+03
4875	0.00305168	1.21977	9.415780e-01	-1.386539e+03	-1.385597e+03
4880	0.00305168	1.11782	9.869432e-01	-1.388978e+03	-1.387991e+03
4885	0.00294332	1.11782	1.005094e+00	-1.387068e+03	-1.386063e+03
4890	0.00294332	1.11782	1.005094e+00	-1.387068e+03	-1.386063e+03
4895	0.00294495	1.11782	1.004818e+00	-1.387083e+03	-1.386078e+03
4900	0.00294495	1.11782	1.004818e+00	-1.387083e+03	-1.386078e+03
4905	0.00294495	1.14744	9.913736e-01	-1.386718e+03	-1.385726e+03
4910	0.00290246	1.14744	9.986018e-01	-1.386816e+03	-1.385818e+03
4915	0.00290246	1.14744	9.986018e-01	-1.386816e+03	-1.385818e+03
4920	0.00290246	1.14744	9.986018e-01	-1.386816e+03	-1.385818e+03
4925	0.0028705	1.14744	1.004083e+00	-1.387079e+03	-1.386075e+03
4930	0.0028705	1.14744	1.004083e+00	-1.387079e+03	-1.386075e+03
4935	0.00283247	1.14744	1.010654e+00	-1.387614e+03	-1.386603e+03
4940	0.00305889	1.14744	9.723057e-01	-1.387869e+03	-1.386897e+03
4945	0.00305889	1.14744	9.723057e-01	-1.387869e+03	-1.386897e+03
4950	0.0031181	1.14744	9.625703e-01	-1.389258e+03	-1.388296e+03
4955	0.0031181	1.14744	9.625703e-01	-1.389258e+03	-1.388296e+03
4960	0.00283548	1.14744	1.010132e+00	-1.387561e+03	-1.386551e+03
4965	0.00300805	1.14744	9.807570e-01	-1.387100e+03	-1.386120e+03
4970	0.00289743	1.14744	9.994612e-01	-1.386842e+03	-1.385842e+03
4975	0.00289743	1.08748	1.026907e+00	-1.387263e+03	-1.386236e+03
4980	0.0028846	1.08748	1.029106e+00	-1.387146e+03	-1.386117e+03
4985	0.0028314	1.08748	1.038284e+00	-1.386970e+03	-1.385931e+03
4990	0.00287418	1.08942	1.029994e+00	-1.387045e+03	-1.386015e+03
4995	0.00287418	1.08942	1.029994e+00	-1.387045e+03	-1.386015e+03
5000	0.00287418	1.11695	1.017291e+00	-1.386843e+03	-1.385826e+03
